[debug] [2023-02-14T21:33:48.183Z] ----------------------------------------------------------------------
[debug] [2023-02-14T21:33:48.187Z] Command:       C:\Program Files\nodejs\node.exe C:\Users\Wellington\AppData\Roaming\npm\node_modules\firebase-tools\lib\bin\firebase.js deploy --only functions:deployTest
[debug] [2023-02-14T21:33:48.189Z] CLI Version:   11.23.1
[debug] [2023-02-14T21:33:48.189Z] Platform:      win32
[debug] [2023-02-14T21:33:48.190Z] Node Version:  v16.19.0
[debug] [2023-02-14T21:33:48.192Z] Time:          Tue Feb 14 2023 17:33:48 GMT-0400 (Horário Padrão do Amazonas)
[debug] [2023-02-14T21:33:48.193Z] ----------------------------------------------------------------------
[debug] 
[debug] [2023-02-14T21:33:48.344Z] > command requires scopes: ["email","openid","https://www.googleapis.com/auth/cloudplatformprojects.readonly","https://www.googleapis.com/auth/firebase","https://www.googleapis.com/auth/cloud-platform"]
[debug] [2023-02-14T21:33:48.345Z] > authorizing via signed-in user (wellingtonsouza6300@gmail.com)
[debug] [2023-02-14T21:33:48.345Z] [iam] checking project corresocial-66840 for permissions ["cloudfunctions.functions.create","cloudfunctions.functions.delete","cloudfunctions.functions.get","cloudfunctions.functions.list","cloudfunctions.functions.update","cloudfunctions.operations.get","firebase.projects.get"]
[debug] [2023-02-14T21:33:48.350Z] >>> [apiv2][query] POST https://cloudresourcemanager.googleapis.com/v1/projects/corresocial-66840:testIamPermissions [none]
[debug] [2023-02-14T21:33:48.350Z] >>> [apiv2][(partial)header] POST https://cloudresourcemanager.googleapis.com/v1/projects/corresocial-66840:testIamPermissions x-goog-quota-user=projects/corresocial-66840
[debug] [2023-02-14T21:33:48.351Z] >>> [apiv2][body] POST https://cloudresourcemanager.googleapis.com/v1/projects/corresocial-66840:testIamPermissions {"permissions":["cloudfunctions.functions.create","cloudfunctions.functions.delete","cloudfunctions.functions.get","cloudfunctions.functions.list","cloudfunctions.functions.update","cloudfunctions.operations.get","firebase.projects.get"]}
[debug] [2023-02-14T21:33:49.455Z] <<< [apiv2][status] POST https://cloudresourcemanager.googleapis.com/v1/projects/corresocial-66840:testIamPermissions 200
[debug] [2023-02-14T21:33:49.456Z] <<< [apiv2][body] POST https://cloudresourcemanager.googleapis.com/v1/projects/corresocial-66840:testIamPermissions {"permissions":["cloudfunctions.functions.create","cloudfunctions.functions.delete","cloudfunctions.functions.get","cloudfunctions.functions.list","cloudfunctions.functions.update","cloudfunctions.operations.get","firebase.projects.get"]}
[debug] [2023-02-14T21:33:49.457Z] >>> [apiv2][query] POST https://iam.googleapis.com/v1/projects/corresocial-66840/serviceAccounts/corresocial-66840@appspot.gserviceaccount.com:testIamPermissions [none]
[debug] [2023-02-14T21:33:49.457Z] >>> [apiv2][body] POST https://iam.googleapis.com/v1/projects/corresocial-66840/serviceAccounts/corresocial-66840@appspot.gserviceaccount.com:testIamPermissions {"permissions":["iam.serviceAccounts.actAs"]}
[debug] [2023-02-14T21:33:50.592Z] <<< [apiv2][status] POST https://iam.googleapis.com/v1/projects/corresocial-66840/serviceAccounts/corresocial-66840@appspot.gserviceaccount.com:testIamPermissions 200
[debug] [2023-02-14T21:33:50.592Z] <<< [apiv2][body] POST https://iam.googleapis.com/v1/projects/corresocial-66840/serviceAccounts/corresocial-66840@appspot.gserviceaccount.com:testIamPermissions {"permissions":["iam.serviceAccounts.actAs"]}
[info] 
[info] === Deploying to 'corresocial-66840'...
[info] 
[info] i  deploying functions 
[debug] [2023-02-14T21:33:50.605Z] >>> [apiv2][query] GET https://firebase.googleapis.com/v1beta1/projects/corresocial-66840 [none]
[debug] [2023-02-14T21:33:51.230Z] <<< [apiv2][status] GET https://firebase.googleapis.com/v1beta1/projects/corresocial-66840 200
[debug] [2023-02-14T21:33:51.230Z] <<< [apiv2][body] GET https://firebase.googleapis.com/v1beta1/projects/corresocial-66840 {"projectId":"corresocial-66840","projectNumber":"109961815573","displayName":"corresocial","name":"projects/corresocial-66840","resources":{"hostingSite":"corresocial-66840","realtimeDatabaseInstance":"corresocial-66840-default-rtdb","storageBucket":"corresocial-66840.appspot.com","locationId":"southamerica-east1"},"state":"ACTIVE","etag":"1_c37c2fa1-1246-4f19-acf0-a4fa0f537286"}
[info] i  functions: preparing codebase default for deployment 
[info] i  functions: ensuring required API cloudfunctions.googleapis.com is enabled... 
[info] i  functions: ensuring required API cloudbuild.googleapis.com is enabled... 
[info] i  artifactregistry: ensuring required API artifactregistry.googleapis.com is enabled... 
[debug] [2023-02-14T21:33:51.240Z] >>> [apiv2][query] GET https://serviceusage.googleapis.com/v1/projects/corresocial-66840/services/cloudfunctions.googleapis.com [none]
[debug] [2023-02-14T21:33:51.241Z] >>> [apiv2][(partial)header] GET https://serviceusage.googleapis.com/v1/projects/corresocial-66840/services/cloudfunctions.googleapis.com x-goog-quota-user=projects/corresocial-66840
[debug] [2023-02-14T21:33:51.243Z] >>> [apiv2][query] GET https://serviceusage.googleapis.com/v1/projects/corresocial-66840/services/runtimeconfig.googleapis.com [none]
[debug] [2023-02-14T21:33:51.244Z] >>> [apiv2][(partial)header] GET https://serviceusage.googleapis.com/v1/projects/corresocial-66840/services/runtimeconfig.googleapis.com x-goog-quota-user=projects/corresocial-66840
[debug] [2023-02-14T21:33:51.246Z] >>> [apiv2][query] GET https://serviceusage.googleapis.com/v1/projects/corresocial-66840/services/cloudbuild.googleapis.com [none]
[debug] [2023-02-14T21:33:51.247Z] >>> [apiv2][(partial)header] GET https://serviceusage.googleapis.com/v1/projects/corresocial-66840/services/cloudbuild.googleapis.com x-goog-quota-user=projects/corresocial-66840
[debug] [2023-02-14T21:33:51.249Z] >>> [apiv2][query] GET https://serviceusage.googleapis.com/v1/projects/corresocial-66840/services/artifactregistry.googleapis.com [none]
[debug] [2023-02-14T21:33:51.250Z] >>> [apiv2][(partial)header] GET https://serviceusage.googleapis.com/v1/projects/corresocial-66840/services/artifactregistry.googleapis.com x-goog-quota-user=projects/corresocial-66840
[debug] [2023-02-14T21:33:52.466Z] <<< [apiv2][status] GET https://serviceusage.googleapis.com/v1/projects/corresocial-66840/services/cloudbuild.googleapis.com 200
[debug] [2023-02-14T21:33:52.467Z] <<< [apiv2][body] GET https://serviceusage.googleapis.com/v1/projects/corresocial-66840/services/cloudbuild.googleapis.com [omitted]
[info] +  functions: required API cloudbuild.googleapis.com is enabled 
[debug] [2023-02-14T21:33:52.477Z] <<< [apiv2][status] GET https://serviceusage.googleapis.com/v1/projects/corresocial-66840/services/artifactregistry.googleapis.com 200
[debug] [2023-02-14T21:33:52.478Z] <<< [apiv2][body] GET https://serviceusage.googleapis.com/v1/projects/corresocial-66840/services/artifactregistry.googleapis.com [omitted]
[info] +  artifactregistry: required API artifactregistry.googleapis.com is enabled 
[debug] [2023-02-14T21:33:52.481Z] <<< [apiv2][status] GET https://serviceusage.googleapis.com/v1/projects/corresocial-66840/services/cloudfunctions.googleapis.com 200
[debug] [2023-02-14T21:33:52.482Z] <<< [apiv2][body] GET https://serviceusage.googleapis.com/v1/projects/corresocial-66840/services/cloudfunctions.googleapis.com [omitted]
[info] +  functions: required API cloudfunctions.googleapis.com is enabled 
[debug] [2023-02-14T21:33:53.509Z] <<< [apiv2][status] GET https://serviceusage.googleapis.com/v1/projects/corresocial-66840/services/runtimeconfig.googleapis.com 200
[debug] [2023-02-14T21:33:53.510Z] <<< [apiv2][body] GET https://serviceusage.googleapis.com/v1/projects/corresocial-66840/services/runtimeconfig.googleapis.com [omitted]
[debug] [2023-02-14T21:33:53.510Z] >>> [apiv2][query] GET https://firebase.googleapis.com/v1beta1/projects/corresocial-66840/adminSdkConfig [none]
[debug] [2023-02-14T21:33:54.213Z] <<< [apiv2][status] GET https://firebase.googleapis.com/v1beta1/projects/corresocial-66840/adminSdkConfig 200
[debug] [2023-02-14T21:33:54.213Z] <<< [apiv2][body] GET https://firebase.googleapis.com/v1beta1/projects/corresocial-66840/adminSdkConfig {"projectId":"corresocial-66840","databaseURL":"https://corresocial-66840-default-rtdb.firebaseio.com","storageBucket":"corresocial-66840.appspot.com","locationId":"southamerica-east1"}
[debug] [2023-02-14T21:33:54.216Z] >>> [apiv2][query] GET https://runtimeconfig.googleapis.com/v1beta1/projects/corresocial-66840/configs [none]
[debug] [2023-02-14T21:33:54.994Z] <<< [apiv2][status] GET https://runtimeconfig.googleapis.com/v1beta1/projects/corresocial-66840/configs 200
[debug] [2023-02-14T21:33:54.995Z] <<< [apiv2][body] GET https://runtimeconfig.googleapis.com/v1beta1/projects/corresocial-66840/configs {}
[debug] [2023-02-14T21:33:55.000Z] Validating nodejs source
[debug] [2023-02-14T21:33:59.960Z] > [functions] package.json contents: {
  "name": "functions",
  "description": "Cloud Functions for Firebase",
  "scripts": {
    "serve": "firebase emulators:start --only functions",
    "shell": "firebase functions:shell",
    "start": "npm run shell",
    "deploy": "firebase deploy --only functions",
    "logs": "firebase functions:log"
  },
  "engines": {
    "node": "16"
  },
  "main": "index.js",
  "dependencies": {
    "firebase-admin": "^11.5.0",
    "firebase-functions": "^4.2.0"
  },
  "devDependencies": {
    "firebase-functions-test": "^3.0.0"
  },
  "private": true
}
[debug] [2023-02-14T21:33:59.961Z] Building nodejs source
[debug] [2023-02-14T21:33:59.965Z] Could not find functions.yaml. Must use http discovery
[debug] [2023-02-14T21:34:00.029Z] Found firebase-functions binary at 'C:\Users\Wellington\3D Objects\Corre.Social\app\functions\node_modules\.bin\firebase-functions'
[debug] [2023-02-14T21:34:01.104Z] Serving at port 8899

[debug] [2023-02-14T21:34:03.132Z] Got response from /__/functions.yaml {"endpoints":{"deployTest":{"platform":"gcfv1","availableMemoryMb":null,"timeoutSeconds":null,"minInstances":null,"maxInstances":null,"ingressSettings":null,"serviceAccountEmail":null,"vpc":null,"httpsTrigger":{},"entryPoint":"deployTest"}},"specVersion":"v1alpha1","requiredAPIs":[]}
[debug] [2023-02-14T21:34:03.164Z] shutdown requested via /__/quitquitquit

[info] i  functions: preparing functions directory for uploading... 
[info] i  functions: packaged C:\Users\Wellington\3D Objects\Corre.Social\app\functions (63.73 KB) for uploading 
[debug] [2023-02-14T21:34:04.393Z] >>> [apiv2][query] GET https://cloudfunctions.googleapis.com/v1/projects/corresocial-66840/locations/-/functions [none]
[debug] [2023-02-14T21:34:05.785Z] <<< [apiv2][status] GET https://cloudfunctions.googleapis.com/v1/projects/corresocial-66840/locations/-/functions 200
[debug] [2023-02-14T21:34:05.786Z] <<< [apiv2][body] GET https://cloudfunctions.googleapis.com/v1/projects/corresocial-66840/locations/-/functions {"functions":[{"name":"projects/corresocial-66840/locations/southamerica-east1/functions/ext-firestore-algolia-search-posts-executeIndexOperation","description":"Firestore document-triggered function that creates, updates, or deletes data in Algolia.","sourceArchiveUrl":"gs://firebase-mod-sources-prod/0a50813c979c2b95076a5358d1e216bd475cd167fb22a693271cbba4282b66bc","eventTrigger":{"eventType":"providers/cloud.firestore/eventTypes/document.write","resource":"projects/corresocial-66840/databases/(default)/documents/posts/{documentID}","service":"firestore.googleapis.com","failurePolicy":{}},"status":"ACTIVE","entryPoint":"executeIndexOperation","timeout":"60s","availableMemoryMb":256,"serviceAccountEmail":"ext-firestore-algolia-sea-yavh@corresocial-66840.iam.gserviceaccount.com","updateTime":"2023-02-08T21:59:27.457Z","versionId":"2","labels":{"firebase-extensions-ar":"enabled","goog-dm":"firebase-ext-firestore-algolia-search-posts","goog-firebase-ext":"firestore-algolia-search","deployment-tool":"firebase-extensions","goog-firebase-ext-iid":"firestore-algolia-search-posts"},"environmentVariables":{"ALGOLIA_APP_ID":"89VF10SON5","ALGOLIA_INDEX_NAME":"postsIndex","COLLECTION_PATH":"posts","DATABASE_INSTANCE":"corresocial-66840-default-rtdb","DATABASE_URL":"https://corresocial-66840-default-rtdb.firebaseio.com","EXT_INSTANCE_ID":"firestore-algolia-search-posts","FIELDS":"attendanceFrequency,attendanceWeekDays,category,closingHour,createdAt,cultureType,deliveryMethod,description,entryValue,eventEndDate,eventEndHour,eventPlaceModality,eventRepeat,eventStartDate,eventStartHour,exchangeValue,exhibitionPlace,exhibitionWeekDays,itemDescription,itemName,location,locationView,openingHour,owner,picturesUrl,postId,postType,range,saleValue,serviceDescription,socialImpactRepeat,tags,title,updatedAt","FIREBASE_CONFIG":"{\"projectId\":\"corresocial-66840\",\"databaseURL\":\"https://corresocial-66840-default-rtdb.firebaseio.com\",\"storageBucket\":\"corresocial-66840.appspot.com\"}","FORCE_DATA_SYNC":"no","GCLOUD_PROJECT":"corresocial-66840","LOCATION":"southamerica-east1","PROJECT_ID":"corresocial-66840","STORAGE_BUCKET":"corresocial-66840.appspot.com"},"runtime":"nodejs10","maxInstances":3000,"ingressSettings":"ALLOW_INTERNAL_ONLY","buildId":"357c4ae8-7a12-4460-91a2-627c800d858c","secretEnvironmentVariables":[{"key":"ALGOLIA_API_KEY","projectId":"109961815573","secret":"firestore-algolia-search-posts-ALGOLIA_API_KEY","version":"1"}],"buildName":"projects/109961815573/locations/southamerica-east1/builds/357c4ae8-7a12-4460-91a2-627c800d858c","dockerRegistry":"ARTIFACT_REGISTRY"},{"name":"projects/corresocial-66840/locations/southamerica-east1/functions/ext-firestore-counter-controllerCore","description":"This scheduled function either aggregates shards itself, or it schedules and monitors workers to aggregate shards.","sourceArchiveUrl":"gs://firebase-mod-sources-prod/80a080644b8a38a41f9fbd5a0779e0c5ea0fdb883b6d71cf5f114de6e96bd3b8","eventTrigger":{"eventType":"google.pubsub.topic.publish","resource":"projects/corresocial-66840/topics/firebase-ext-firestore-counter-controllerCore","service":"pubsub.googleapis.com","failurePolicy":{}},"status":"ACTIVE","entryPoint":"controllerCore","timeout":"60s","availableMemoryMb":256,"serviceAccountEmail":"ext-firestore-counter@corresocial-66840.iam.gserviceaccount.com","updateTime":"2022-04-27T21:16:55.586Z","versionId":"2","labels":{"goog-dm":"firebase-ext-firestore-counter","goog-firebase-ext":"firestore-counter","deployment-tool":"firebase-extensions","goog-firebase-ext-iid":"firestore-counter"},"environmentVariables":{"DATABASE_INSTANCE":"corresocial-66840-default-rtdb","DATABASE_URL":"https://corresocial-66840-default-rtdb.firebaseio.com","EXT_INSTANCE_ID":"firestore-counter","FIREBASE_CONFIG":"{\"projectId\":\"corresocial-66840\",\"databaseURL\":\"https://corresocial-66840-default-rtdb.firebaseio.com\",\"storageBucket\":\"corresocial-66840.appspot.com\"}","INTERNAL_STATE_PATH":"_firebase_ext_/sharded_counter","LOCATION":"southamerica-east1","PROJECT_ID":"corresocial-66840","SCHEDULE_FREQUENCY":"1","STORAGE_BUCKET":"corresocial-66840.appspot.com"},"runtime":"nodejs14","maxInstances":1,"ingressSettings":"ALLOW_ALL","buildId":"9595f33b-5ec4-4289-a6a3-86c247d3dc72","buildName":"projects/109961815573/locations/southamerica-east1/builds/9595f33b-5ec4-4289-a6a3-86c247d3dc72","dockerRegistry":"CONTAINER_REGISTRY"},{"name":"projects/corresocial-66840/locations/southamerica-east1/functions/ext-firestore-counter-onWrite","description":"Listens for changes on counter shards that may need aggregating. This function is limited to max 1 instance.","sourceArchiveUrl":"gs://firebase-mod-sources-prod/80a080644b8a38a41f9fbd5a0779e0c5ea0fdb883b6d71cf5f114de6e96bd3b8","eventTrigger":{"eventType":"providers/cloud.firestore/eventTypes/document.write","resource":"projects/corresocial-66840/databases/(default)/documents/{collection}/{counter=**}/_counter_shards_/{shardId}","service":"firestore.googleapis.com","failurePolicy":{}},"status":"ACTIVE","entryPoint":"onWrite","timeout":"120s","availableMemoryMb":256,"serviceAccountEmail":"ext-firestore-counter@corresocial-66840.iam.gserviceaccount.com","updateTime":"2022-04-27T21:16:29.843Z","versionId":"2","labels":{"goog-dm":"firebase-ext-firestore-counter","goog-firebase-ext":"firestore-counter","deployment-tool":"firebase-extensions","goog-firebase-ext-iid":"firestore-counter"},"environmentVariables":{"DATABASE_INSTANCE":"corresocial-66840-default-rtdb","DATABASE_URL":"https://corresocial-66840-default-rtdb.firebaseio.com","EXT_INSTANCE_ID":"firestore-counter","FIREBASE_CONFIG":"{\"projectId\":\"corresocial-66840\",\"databaseURL\":\"https://corresocial-66840-default-rtdb.firebaseio.com\",\"storageBucket\":\"corresocial-66840.appspot.com\"}","INTERNAL_STATE_PATH":"_firebase_ext_/sharded_counter","LOCATION":"southamerica-east1","PROJECT_ID":"corresocial-66840","SCHEDULE_FREQUENCY":"1","STORAGE_BUCKET":"corresocial-66840.appspot.com"},"runtime":"nodejs14","maxInstances":1,"ingressSettings":"ALLOW_ALL","buildId":"a323c3ef-f301-4d52-9c54-9606ddc3bd63","buildName":"projects/109961815573/locations/southamerica-east1/builds/a323c3ef-f301-4d52-9c54-9606ddc3bd63","dockerRegistry":"CONTAINER_REGISTRY"},{"name":"projects/corresocial-66840/locations/southamerica-east1/functions/ext-firestore-counter-worker","description":"Monitors a range of shards and aggregates them, as needed. There may be 0 or more worker functions running at any point in time. The controllerCore function is responsible for scheduling and monitoring these workers.","sourceArchiveUrl":"gs://firebase-mod-sources-prod/80a080644b8a38a41f9fbd5a0779e0c5ea0fdb883b6d71cf5f114de6e96bd3b8","eventTrigger":{"eventType":"providers/cloud.firestore/eventTypes/document.write","resource":"projects/corresocial-66840/databases/(default)/documents/_firebase_ext_/sharded_counter/workers/{workerId}","service":"firestore.googleapis.com","failurePolicy":{}},"status":"ACTIVE","entryPoint":"worker","timeout":"60s","availableMemoryMb":256,"serviceAccountEmail":"ext-firestore-counter@corresocial-66840.iam.gserviceaccount.com","updateTime":"2022-04-27T21:16:23.866Z","versionId":"2","labels":{"goog-dm":"firebase-ext-firestore-counter","goog-firebase-ext":"firestore-counter","deployment-tool":"firebase-extensions","goog-firebase-ext-iid":"firestore-counter"},"environmentVariables":{"DATABASE_INSTANCE":"corresocial-66840-default-rtdb","DATABASE_URL":"https://corresocial-66840-default-rtdb.firebaseio.com","EXT_INSTANCE_ID":"firestore-counter","FIREBASE_CONFIG":"{\"projectId\":\"corresocial-66840\",\"databaseURL\":\"https://corresocial-66840-default-rtdb.firebaseio.com\",\"storageBucket\":\"corresocial-66840.appspot.com\"}","INTERNAL_STATE_PATH":"_firebase_ext_/sharded_counter","LOCATION":"southamerica-east1","PROJECT_ID":"corresocial-66840","SCHEDULE_FREQUENCY":"1","STORAGE_BUCKET":"corresocial-66840.appspot.com"},"runtime":"nodejs14","maxInstances":3000,"ingressSettings":"ALLOW_ALL","buildId":"3497754b-6d7b-406d-9838-5a8b00692e6c","buildName":"projects/109961815573/locations/southamerica-east1/builds/3497754b-6d7b-406d-9838-5a8b00692e6c","dockerRegistry":"CONTAINER_REGISTRY"},{"name":"projects/corresocial-66840/locations/us-central1/functions/nextServer","httpsTrigger":{"url":"https://us-central1-corresocial-66840.cloudfunctions.net/nextServer","securityLevel":"SECURE_ALWAYS"},"status":"ACTIVE","entryPoint":"nextServer","timeout":"60s","availableMemoryMb":256,"serviceAccountEmail":"corresocial-66840@appspot.gserviceaccount.com","updateTime":"2023-02-14T21:24:36.940Z","versionId":"1","labels":{"deployment-tool":"cli-firebase","firebase-functions-hash":"e50c1464c2d2c7698e6cbdff60db088c4e598f35"},"sourceUploadUrl":"https://storage.googleapis.com/uploads-1094207083427.us-central1.cloudfunctions.appspot.com/246f7d4e-0e4e-49c4-886f-a86f2ed61068.zip","environmentVariables":{"FIREBASE_CONFIG":"{\"projectId\":\"corresocial-66840\",\"databaseURL\":\"https://corresocial-66840-default-rtdb.firebaseio.com\",\"storageBucket\":\"corresocial-66840.appspot.com\",\"locationId\":\"southamerica-east1\"}","GCLOUD_PROJECT":"corresocial-66840","EVENTARC_CLOUD_EVENT_SOURCE":"projects/corresocial-66840/locations/us-central1/functions/nextServer"},"runtime":"nodejs16","ingressSettings":"ALLOW_ALL","buildId":"8170d1b2-e49a-4588-9fa6-de17f54a1a16","buildName":"projects/109961815573/locations/us-central1/builds/8170d1b2-e49a-4588-9fa6-de17f54a1a16","dockerRegistry":"ARTIFACT_REGISTRY"}]}
[debug] [2023-02-14T21:34:05.792Z] >>> [apiv2][query] GET https://cloudfunctions.googleapis.com/v2/projects/corresocial-66840/locations/-/functions filter=environment%3D%22GEN_2%22
[debug] [2023-02-14T21:34:07.235Z] <<< [apiv2][status] GET https://cloudfunctions.googleapis.com/v2/projects/corresocial-66840/locations/-/functions 200
[debug] [2023-02-14T21:34:07.236Z] <<< [apiv2][body] GET https://cloudfunctions.googleapis.com/v2/projects/corresocial-66840/locations/-/functions {}
[debug] [2023-02-14T21:34:07.265Z] >>> [apiv2][query] GET https://firebase.googleapis.com/v1beta1/projects/corresocial-66840 [none]
[debug] [2023-02-14T21:34:07.915Z] <<< [apiv2][status] GET https://firebase.googleapis.com/v1beta1/projects/corresocial-66840 200
[debug] [2023-02-14T21:34:07.915Z] <<< [apiv2][body] GET https://firebase.googleapis.com/v1beta1/projects/corresocial-66840 {"projectId":"corresocial-66840","projectNumber":"109961815573","displayName":"corresocial","name":"projects/corresocial-66840","resources":{"hostingSite":"corresocial-66840","realtimeDatabaseInstance":"corresocial-66840-default-rtdb","storageBucket":"corresocial-66840.appspot.com","locationId":"southamerica-east1"},"state":"ACTIVE","etag":"1_c37c2fa1-1246-4f19-acf0-a4fa0f537286"}
[debug] [2023-02-14T21:34:07.918Z] [functions] found 1 new HTTP functions, testing setIamPolicy permission...
[debug] [2023-02-14T21:34:07.919Z] >>> [apiv2][query] POST https://cloudresourcemanager.googleapis.com/v1/projects/corresocial-66840:testIamPermissions [none]
[debug] [2023-02-14T21:34:07.919Z] >>> [apiv2][(partial)header] POST https://cloudresourcemanager.googleapis.com/v1/projects/corresocial-66840:testIamPermissions x-goog-quota-user=projects/corresocial-66840
[debug] [2023-02-14T21:34:07.920Z] >>> [apiv2][body] POST https://cloudresourcemanager.googleapis.com/v1/projects/corresocial-66840:testIamPermissions {"permissions":["cloudfunctions.functions.setIamPolicy"]}
[debug] [2023-02-14T21:34:08.965Z] <<< [apiv2][status] POST https://cloudresourcemanager.googleapis.com/v1/projects/corresocial-66840:testIamPermissions 200
[debug] [2023-02-14T21:34:08.966Z] <<< [apiv2][body] POST https://cloudresourcemanager.googleapis.com/v1/projects/corresocial-66840:testIamPermissions {"permissions":["cloudfunctions.functions.setIamPolicy"]}
[debug] [2023-02-14T21:34:08.966Z] [functions] found setIamPolicy permission, proceeding with deploy
[debug] [2023-02-14T21:34:08.968Z] >>> [apiv2][query] POST https://cloudfunctions.googleapis.com/v1/projects/corresocial-66840/locations/us-central1/functions:generateUploadUrl [none]
[debug] [2023-02-14T21:34:08.969Z] >>> [apiv2][body] POST https://cloudfunctions.googleapis.com/v1/projects/corresocial-66840/locations/us-central1/functions:generateUploadUrl {}
[debug] [2023-02-14T21:34:10.130Z] <<< [apiv2][status] POST https://cloudfunctions.googleapis.com/v1/projects/corresocial-66840/locations/us-central1/functions:generateUploadUrl 200
[debug] [2023-02-14T21:34:10.131Z] <<< [apiv2][body] POST https://cloudfunctions.googleapis.com/v1/projects/corresocial-66840/locations/us-central1/functions:generateUploadUrl {"uploadUrl":"https://storage.googleapis.com/uploads-1094207083427.us-central1.cloudfunctions.appspot.com/5c666e81-706f-4cbe-8f6d-0e8c25088691.zip?GoogleAccessId=service-109961815573@gcf-admin-robot.iam.gserviceaccount.com&Expires=1676412250&Signature=p1gA9%2Ft2Au4FJL1bbV21vfyywUUuF2fWoa7%2FDqPmV8W8HoFVOjmC2qqNLI9R8%2BwuFbkU%2B7D8mpiuFx%2FjyylnFc62zSP8hFtIx99pjTA4aYUxngaSjAF391%2Bxu42nIaAlg5SMT5naszEEMbOhyKS69gVPjVeNp62rDyiOcEVATqk6caJYq4XITLv7YUqEyh3ufaSi8fsCFLG5Ha0COXc9e0A%2BWV0ZDbKCj0lwjzuSCuwYlNcmeTQINdUaum03VoZl952iwd3QDKWFXQcClkucUBzAIQneQrHTT9jMPLVZUlQeyckI4z9Z8cZbQ9wdS3q1ax96dfs9eml%2FduvzRhkkQQ%3D%3D"}
[debug] [2023-02-14T21:34:10.133Z] >>> [apiv2][query] PUT https://storage.googleapis.com/uploads-1094207083427.us-central1.cloudfunctions.appspot.com/5c666e81-706f-4cbe-8f6d-0e8c25088691.zip GoogleAccessId=service-109961815573%40gcf-admin-robot.iam.gserviceaccount.com&Expires=1676412250&Signature=p1gA9%2Ft2Au4FJL1bbV21vfyywUUuF2fWoa7%2FDqPmV8W8HoFVOjmC2qqNLI9R8%2BwuFbkU%2B7D8mpiuFx%2FjyylnFc62zSP8hFtIx99pjTA4aYUxngaSjAF391%2Bxu42nIaAlg5SMT5naszEEMbOhyKS69gVPjVeNp62rDyiOcEVATqk6caJYq4XITLv7YUqEyh3ufaSi8fsCFLG5Ha0COXc9e0A%2BWV0ZDbKCj0lwjzuSCuwYlNcmeTQINdUaum03VoZl952iwd3QDKWFXQcClkucUBzAIQneQrHTT9jMPLVZUlQeyckI4z9Z8cZbQ9wdS3q1ax96dfs9eml%2FduvzRhkkQQ%3D%3D
[debug] [2023-02-14T21:34:10.133Z] >>> [apiv2][body] PUT https://storage.googleapis.com/uploads-1094207083427.us-central1.cloudfunctions.appspot.com/5c666e81-706f-4cbe-8f6d-0e8c25088691.zip [stream]
[debug] [2023-02-14T21:34:10.876Z] <<< [apiv2][status] PUT https://storage.googleapis.com/uploads-1094207083427.us-central1.cloudfunctions.appspot.com/5c666e81-706f-4cbe-8f6d-0e8c25088691.zip 200
[debug] [2023-02-14T21:34:10.876Z] <<< [apiv2][body] PUT https://storage.googleapis.com/uploads-1094207083427.us-central1.cloudfunctions.appspot.com/5c666e81-706f-4cbe-8f6d-0e8c25088691.zip [omitted]
[info] +  functions: functions folder uploaded successfully 
[info] i  functions: creating Node.js 16 function deployTest(us-central1)... 
[debug] [2023-02-14T21:34:10.944Z] >>> [apiv2][query] POST https://cloudfunctions.googleapis.com/v1/projects/corresocial-66840/locations/us-central1/functions [none]
[debug] [2023-02-14T21:34:10.944Z] >>> [apiv2][body] POST https://cloudfunctions.googleapis.com/v1/projects/corresocial-66840/locations/us-central1/functions {"name":"projects/corresocial-66840/locations/us-central1/functions/deployTest","sourceUploadUrl":"https://storage.googleapis.com/uploads-1094207083427.us-central1.cloudfunctions.appspot.com/5c666e81-706f-4cbe-8f6d-0e8c25088691.zip?GoogleAccessId=service-109961815573@gcf-admin-robot.iam.gserviceaccount.com&Expires=1676412250&Signature=p1gA9%2Ft2Au4FJL1bbV21vfyywUUuF2fWoa7%2FDqPmV8W8HoFVOjmC2qqNLI9R8%2BwuFbkU%2B7D8mpiuFx%2FjyylnFc62zSP8hFtIx99pjTA4aYUxngaSjAF391%2Bxu42nIaAlg5SMT5naszEEMbOhyKS69gVPjVeNp62rDyiOcEVATqk6caJYq4XITLv7YUqEyh3ufaSi8fsCFLG5Ha0COXc9e0A%2BWV0ZDbKCj0lwjzuSCuwYlNcmeTQINdUaum03VoZl952iwd3QDKWFXQcClkucUBzAIQneQrHTT9jMPLVZUlQeyckI4z9Z8cZbQ9wdS3q1ax96dfs9eml%2FduvzRhkkQQ%3D%3D","entryPoint":"deployTest","runtime":"nodejs16","dockerRegistry":"ARTIFACT_REGISTRY","labels":{"deployment-tool":"cli-firebase","firebase-functions-hash":"7b7fd7f8c41b1cbd19c3fbf364ee29b229c7840a"},"httpsTrigger":{"securityLevel":"SECURE_ALWAYS"},"minInstances":null,"maxInstances":null,"ingressSettings":null,"environmentVariables":{"FIREBASE_CONFIG":"{\"projectId\":\"corresocial-66840\",\"databaseURL\":\"https://corresocial-66840-default-rtdb.firebaseio.com\",\"storageBucket\":\"corresocial-66840.appspot.com\",\"locationId\":\"southamerica-east1\"}","GCLOUD_PROJECT":"corresocial-66840","EVENTARC_CLOUD_EVENT_SOURCE":"projects/corresocial-66840/locations/us-central1/functions/deployTest"},"serviceAccountEmail":null,"availableMemoryMb":null,"timeout":null,"vpcConnector":null,"vpcConnectorEgressSettings":null}
[debug] [2023-02-14T21:34:12.094Z] <<< [apiv2][status] POST https://cloudfunctions.googleapis.com/v1/projects/corresocial-66840/locations/us-central1/functions 200
[debug] [2023-02-14T21:34:12.095Z] <<< [apiv2][body] POST https://cloudfunctions.googleapis.com/v1/projects/corresocial-66840/locations/us-central1/functions {"name":"operations/Y29ycmVzb2NpYWwtNjY4NDAvdXMtY2VudHJhbDEvZGVwbG95VGVzdC92Nm9IbFJCUGN2bw","metadata":{"@type":"type.googleapis.com/google.cloud.functions.v1.OperationMetadataV1","target":"projects/corresocial-66840/locations/us-central1/functions/deployTest","type":"CREATE_FUNCTION","request":{"@type":"type.googleapis.com/google.cloud.functions.v1.CloudFunction","name":"projects/corresocial-66840/locations/us-central1/functions/deployTest","httpsTrigger":{"securityLevel":"SECURE_ALWAYS"},"entryPoint":"deployTest","labels":{"deployment-tool":"cli-firebase","firebase-functions-hash":"7b7fd7f8c41b1cbd19c3fbf364ee29b229c7840a"},"sourceUploadUrl":"https://storage.googleapis.com/uploads-1094207083427.us-central1.cloudfunctions.appspot.com/5c666e81-706f-4cbe-8f6d-0e8c25088691.zip?GoogleAccessId=service-109961815573@gcf-admin-robot.iam.gserviceaccount.com&Expires=1676412250&Signature=p1gA9%2Ft2Au4FJL1bbV21vfyywUUuF2fWoa7%2FDqPmV8W8HoFVOjmC2qqNLI9R8%2BwuFbkU%2B7D8mpiuFx%2FjyylnFc62zSP8hFtIx99pjTA4aYUxngaSjAF391%2Bxu42nIaAlg5SMT5naszEEMbOhyKS69gVPjVeNp62rDyiOcEVATqk6caJYq4XITLv7YUqEyh3ufaSi8fsCFLG5Ha0COXc9e0A%2BWV0ZDbKCj0lwjzuSCuwYlNcmeTQINdUaum03VoZl952iwd3QDKWFXQcClkucUBzAIQneQrHTT9jMPLVZUlQeyckI4z9Z8cZbQ9wdS3q1ax96dfs9eml%2FduvzRhkkQQ%3D%3D","environmentVariables":{"FIREBASE_CONFIG":"{\"projectId\":\"corresocial-66840\",\"databaseURL\":\"https://corresocial-66840-default-rtdb.firebaseio.com\",\"storageBucket\":\"corresocial-66840.appspot.com\",\"locationId\":\"southamerica-east1\"}","GCLOUD_PROJECT":"corresocial-66840","EVENTARC_CLOUD_EVENT_SOURCE":"projects/corresocial-66840/locations/us-central1/functions/deployTest"},"runtime":"nodejs16","dockerRegistry":"ARTIFACT_REGISTRY"},"versionId":"1","updateTime":"2023-02-14T21:34:12Z"}}
[debug] [2023-02-14T21:34:12.098Z] >>> [apiv2][query] GET https://cloudfunctions.googleapis.com/v1/operations/Y29ycmVzb2NpYWwtNjY4NDAvdXMtY2VudHJhbDEvZGVwbG95VGVzdC92Nm9IbFJCUGN2bw [none]
[debug] [2023-02-14T21:34:13.100Z] <<< [apiv2][status] GET https://cloudfunctions.googleapis.com/v1/operations/Y29ycmVzb2NpYWwtNjY4NDAvdXMtY2VudHJhbDEvZGVwbG95VGVzdC92Nm9IbFJCUGN2bw 200
[debug] [2023-02-14T21:34:13.100Z] <<< [apiv2][body] GET https://cloudfunctions.googleapis.com/v1/operations/Y29ycmVzb2NpYWwtNjY4NDAvdXMtY2VudHJhbDEvZGVwbG95VGVzdC92Nm9IbFJCUGN2bw {"name":"operations/Y29ycmVzb2NpYWwtNjY4NDAvdXMtY2VudHJhbDEvZGVwbG95VGVzdC92Nm9IbFJCUGN2bw","metadata":{"@type":"type.googleapis.com/google.cloud.functions.v1.OperationMetadataV1","target":"projects/corresocial-66840/locations/us-central1/functions/deployTest","type":"CREATE_FUNCTION","request":{"@type":"type.googleapis.com/google.cloud.functions.v1.CloudFunction","name":"projects/corresocial-66840/locations/us-central1/functions/deployTest","httpsTrigger":{"securityLevel":"SECURE_ALWAYS"},"entryPoint":"deployTest","labels":{"deployment-tool":"cli-firebase","firebase-functions-hash":"7b7fd7f8c41b1cbd19c3fbf364ee29b229c7840a"},"sourceUploadUrl":"https://storage.googleapis.com/uploads-1094207083427.us-central1.cloudfunctions.appspot.com/5c666e81-706f-4cbe-8f6d-0e8c25088691.zip?GoogleAccessId=service-109961815573@gcf-admin-robot.iam.gserviceaccount.com&Expires=1676412250&Signature=p1gA9%2Ft2Au4FJL1bbV21vfyywUUuF2fWoa7%2FDqPmV8W8HoFVOjmC2qqNLI9R8%2BwuFbkU%2B7D8mpiuFx%2FjyylnFc62zSP8hFtIx99pjTA4aYUxngaSjAF391%2Bxu42nIaAlg5SMT5naszEEMbOhyKS69gVPjVeNp62rDyiOcEVATqk6caJYq4XITLv7YUqEyh3ufaSi8fsCFLG5Ha0COXc9e0A%2BWV0ZDbKCj0lwjzuSCuwYlNcmeTQINdUaum03VoZl952iwd3QDKWFXQcClkucUBzAIQneQrHTT9jMPLVZUlQeyckI4z9Z8cZbQ9wdS3q1ax96dfs9eml%2FduvzRhkkQQ%3D%3D","environmentVariables":{"FIREBASE_CONFIG":"{\"projectId\":\"corresocial-66840\",\"databaseURL\":\"https://corresocial-66840-default-rtdb.firebaseio.com\",\"storageBucket\":\"corresocial-66840.appspot.com\",\"locationId\":\"southamerica-east1\"}","GCLOUD_PROJECT":"corresocial-66840","EVENTARC_CLOUD_EVENT_SOURCE":"projects/corresocial-66840/locations/us-central1/functions/deployTest"},"runtime":"nodejs16","dockerRegistry":"ARTIFACT_REGISTRY"},"versionId":"1","updateTime":"2023-02-14T21:34:12Z","buildId":"4bff0d03-fb4a-4184-9a78-f7a61298e700","buildName":"projects/109961815573/locations/us-central1/builds/4bff0d03-fb4a-4184-9a78-f7a61298e700"}}
[debug] [2023-02-14T21:34:13.666Z] [create-default-us-central1-deployTest] Retrying task index 0
[debug] [2023-02-14T21:34:13.667Z] >>> [apiv2][query] GET https://cloudfunctions.googleapis.com/v1/operations/Y29ycmVzb2NpYWwtNjY4NDAvdXMtY2VudHJhbDEvZGVwbG95VGVzdC92Nm9IbFJCUGN2bw [none]
[debug] [2023-02-14T21:34:14.634Z] <<< [apiv2][status] GET https://cloudfunctions.googleapis.com/v1/operations/Y29ycmVzb2NpYWwtNjY4NDAvdXMtY2VudHJhbDEvZGVwbG95VGVzdC92Nm9IbFJCUGN2bw 200
[debug] [2023-02-14T21:34:14.635Z] <<< [apiv2][body] GET https://cloudfunctions.googleapis.com/v1/operations/Y29ycmVzb2NpYWwtNjY4NDAvdXMtY2VudHJhbDEvZGVwbG95VGVzdC92Nm9IbFJCUGN2bw {"name":"operations/Y29ycmVzb2NpYWwtNjY4NDAvdXMtY2VudHJhbDEvZGVwbG95VGVzdC92Nm9IbFJCUGN2bw","metadata":{"@type":"type.googleapis.com/google.cloud.functions.v1.OperationMetadataV1","target":"projects/corresocial-66840/locations/us-central1/functions/deployTest","type":"CREATE_FUNCTION","request":{"@type":"type.googleapis.com/google.cloud.functions.v1.CloudFunction","name":"projects/corresocial-66840/locations/us-central1/functions/deployTest","httpsTrigger":{"securityLevel":"SECURE_ALWAYS"},"entryPoint":"deployTest","labels":{"deployment-tool":"cli-firebase","firebase-functions-hash":"7b7fd7f8c41b1cbd19c3fbf364ee29b229c7840a"},"sourceUploadUrl":"https://storage.googleapis.com/uploads-1094207083427.us-central1.cloudfunctions.appspot.com/5c666e81-706f-4cbe-8f6d-0e8c25088691.zip?GoogleAccessId=service-109961815573@gcf-admin-robot.iam.gserviceaccount.com&Expires=1676412250&Signature=p1gA9%2Ft2Au4FJL1bbV21vfyywUUuF2fWoa7%2FDqPmV8W8HoFVOjmC2qqNLI9R8%2BwuFbkU%2B7D8mpiuFx%2FjyylnFc62zSP8hFtIx99pjTA4aYUxngaSjAF391%2Bxu42nIaAlg5SMT5naszEEMbOhyKS69gVPjVeNp62rDyiOcEVATqk6caJYq4XITLv7YUqEyh3ufaSi8fsCFLG5Ha0COXc9e0A%2BWV0ZDbKCj0lwjzuSCuwYlNcmeTQINdUaum03VoZl952iwd3QDKWFXQcClkucUBzAIQneQrHTT9jMPLVZUlQeyckI4z9Z8cZbQ9wdS3q1ax96dfs9eml%2FduvzRhkkQQ%3D%3D","environmentVariables":{"FIREBASE_CONFIG":"{\"projectId\":\"corresocial-66840\",\"databaseURL\":\"https://corresocial-66840-default-rtdb.firebaseio.com\",\"storageBucket\":\"corresocial-66840.appspot.com\",\"locationId\":\"southamerica-east1\"}","GCLOUD_PROJECT":"corresocial-66840","EVENTARC_CLOUD_EVENT_SOURCE":"projects/corresocial-66840/locations/us-central1/functions/deployTest"},"runtime":"nodejs16","dockerRegistry":"ARTIFACT_REGISTRY"},"versionId":"1","updateTime":"2023-02-14T21:34:12Z","buildId":"4bff0d03-fb4a-4184-9a78-f7a61298e700","buildName":"projects/109961815573/locations/us-central1/builds/4bff0d03-fb4a-4184-9a78-f7a61298e700"}}
[debug] [2023-02-14T21:34:15.642Z] [create-default-us-central1-deployTest] Retrying task index 0
[debug] [2023-02-14T21:34:15.643Z] >>> [apiv2][query] GET https://cloudfunctions.googleapis.com/v1/operations/Y29ycmVzb2NpYWwtNjY4NDAvdXMtY2VudHJhbDEvZGVwbG95VGVzdC92Nm9IbFJCUGN2bw [none]
[debug] [2023-02-14T21:34:16.266Z] <<< [apiv2][status] GET https://cloudfunctions.googleapis.com/v1/operations/Y29ycmVzb2NpYWwtNjY4NDAvdXMtY2VudHJhbDEvZGVwbG95VGVzdC92Nm9IbFJCUGN2bw 200
[debug] [2023-02-14T21:34:16.266Z] <<< [apiv2][body] GET https://cloudfunctions.googleapis.com/v1/operations/Y29ycmVzb2NpYWwtNjY4NDAvdXMtY2VudHJhbDEvZGVwbG95VGVzdC92Nm9IbFJCUGN2bw {"name":"operations/Y29ycmVzb2NpYWwtNjY4NDAvdXMtY2VudHJhbDEvZGVwbG95VGVzdC92Nm9IbFJCUGN2bw","metadata":{"@type":"type.googleapis.com/google.cloud.functions.v1.OperationMetadataV1","target":"projects/corresocial-66840/locations/us-central1/functions/deployTest","type":"CREATE_FUNCTION","request":{"@type":"type.googleapis.com/google.cloud.functions.v1.CloudFunction","name":"projects/corresocial-66840/locations/us-central1/functions/deployTest","httpsTrigger":{"securityLevel":"SECURE_ALWAYS"},"entryPoint":"deployTest","labels":{"deployment-tool":"cli-firebase","firebase-functions-hash":"7b7fd7f8c41b1cbd19c3fbf364ee29b229c7840a"},"sourceUploadUrl":"https://storage.googleapis.com/uploads-1094207083427.us-central1.cloudfunctions.appspot.com/5c666e81-706f-4cbe-8f6d-0e8c25088691.zip?GoogleAccessId=service-109961815573@gcf-admin-robot.iam.gserviceaccount.com&Expires=1676412250&Signature=p1gA9%2Ft2Au4FJL1bbV21vfyywUUuF2fWoa7%2FDqPmV8W8HoFVOjmC2qqNLI9R8%2BwuFbkU%2B7D8mpiuFx%2FjyylnFc62zSP8hFtIx99pjTA4aYUxngaSjAF391%2Bxu42nIaAlg5SMT5naszEEMbOhyKS69gVPjVeNp62rDyiOcEVATqk6caJYq4XITLv7YUqEyh3ufaSi8fsCFLG5Ha0COXc9e0A%2BWV0ZDbKCj0lwjzuSCuwYlNcmeTQINdUaum03VoZl952iwd3QDKWFXQcClkucUBzAIQneQrHTT9jMPLVZUlQeyckI4z9Z8cZbQ9wdS3q1ax96dfs9eml%2FduvzRhkkQQ%3D%3D","environmentVariables":{"FIREBASE_CONFIG":"{\"projectId\":\"corresocial-66840\",\"databaseURL\":\"https://corresocial-66840-default-rtdb.firebaseio.com\",\"storageBucket\":\"corresocial-66840.appspot.com\",\"locationId\":\"southamerica-east1\"}","GCLOUD_PROJECT":"corresocial-66840","EVENTARC_CLOUD_EVENT_SOURCE":"projects/corresocial-66840/locations/us-central1/functions/deployTest"},"runtime":"nodejs16","dockerRegistry":"ARTIFACT_REGISTRY"},"versionId":"1","updateTime":"2023-02-14T21:34:12Z","buildId":"4bff0d03-fb4a-4184-9a78-f7a61298e700","buildName":"projects/109961815573/locations/us-central1/builds/4bff0d03-fb4a-4184-9a78-f7a61298e700"}}
[debug] [2023-02-14T21:34:18.278Z] [create-default-us-central1-deployTest] Retrying task index 0
[debug] [2023-02-14T21:34:18.279Z] >>> [apiv2][query] GET https://cloudfunctions.googleapis.com/v1/operations/Y29ycmVzb2NpYWwtNjY4NDAvdXMtY2VudHJhbDEvZGVwbG95VGVzdC92Nm9IbFJCUGN2bw [none]
[debug] [2023-02-14T21:34:19.193Z] <<< [apiv2][status] GET https://cloudfunctions.googleapis.com/v1/operations/Y29ycmVzb2NpYWwtNjY4NDAvdXMtY2VudHJhbDEvZGVwbG95VGVzdC92Nm9IbFJCUGN2bw 200
[debug] [2023-02-14T21:34:19.193Z] <<< [apiv2][body] GET https://cloudfunctions.googleapis.com/v1/operations/Y29ycmVzb2NpYWwtNjY4NDAvdXMtY2VudHJhbDEvZGVwbG95VGVzdC92Nm9IbFJCUGN2bw {"name":"operations/Y29ycmVzb2NpYWwtNjY4NDAvdXMtY2VudHJhbDEvZGVwbG95VGVzdC92Nm9IbFJCUGN2bw","metadata":{"@type":"type.googleapis.com/google.cloud.functions.v1.OperationMetadataV1","target":"projects/corresocial-66840/locations/us-central1/functions/deployTest","type":"CREATE_FUNCTION","request":{"@type":"type.googleapis.com/google.cloud.functions.v1.CloudFunction","name":"projects/corresocial-66840/locations/us-central1/functions/deployTest","httpsTrigger":{"securityLevel":"SECURE_ALWAYS"},"entryPoint":"deployTest","labels":{"deployment-tool":"cli-firebase","firebase-functions-hash":"7b7fd7f8c41b1cbd19c3fbf364ee29b229c7840a"},"sourceUploadUrl":"https://storage.googleapis.com/uploads-1094207083427.us-central1.cloudfunctions.appspot.com/5c666e81-706f-4cbe-8f6d-0e8c25088691.zip?GoogleAccessId=service-109961815573@gcf-admin-robot.iam.gserviceaccount.com&Expires=1676412250&Signature=p1gA9%2Ft2Au4FJL1bbV21vfyywUUuF2fWoa7%2FDqPmV8W8HoFVOjmC2qqNLI9R8%2BwuFbkU%2B7D8mpiuFx%2FjyylnFc62zSP8hFtIx99pjTA4aYUxngaSjAF391%2Bxu42nIaAlg5SMT5naszEEMbOhyKS69gVPjVeNp62rDyiOcEVATqk6caJYq4XITLv7YUqEyh3ufaSi8fsCFLG5Ha0COXc9e0A%2BWV0ZDbKCj0lwjzuSCuwYlNcmeTQINdUaum03VoZl952iwd3QDKWFXQcClkucUBzAIQneQrHTT9jMPLVZUlQeyckI4z9Z8cZbQ9wdS3q1ax96dfs9eml%2FduvzRhkkQQ%3D%3D","environmentVariables":{"FIREBASE_CONFIG":"{\"projectId\":\"corresocial-66840\",\"databaseURL\":\"https://corresocial-66840-default-rtdb.firebaseio.com\",\"storageBucket\":\"corresocial-66840.appspot.com\",\"locationId\":\"southamerica-east1\"}","GCLOUD_PROJECT":"corresocial-66840","EVENTARC_CLOUD_EVENT_SOURCE":"projects/corresocial-66840/locations/us-central1/functions/deployTest"},"runtime":"nodejs16","dockerRegistry":"ARTIFACT_REGISTRY"},"versionId":"1","updateTime":"2023-02-14T21:34:12Z","buildId":"4bff0d03-fb4a-4184-9a78-f7a61298e700","buildName":"projects/109961815573/locations/us-central1/builds/4bff0d03-fb4a-4184-9a78-f7a61298e700"}}
[debug] [2023-02-14T21:34:23.206Z] [create-default-us-central1-deployTest] Retrying task index 0
[debug] [2023-02-14T21:34:23.209Z] >>> [apiv2][query] GET https://cloudfunctions.googleapis.com/v1/operations/Y29ycmVzb2NpYWwtNjY4NDAvdXMtY2VudHJhbDEvZGVwbG95VGVzdC92Nm9IbFJCUGN2bw [none]
[debug] [2023-02-14T21:34:24.074Z] <<< [apiv2][status] GET https://cloudfunctions.googleapis.com/v1/operations/Y29ycmVzb2NpYWwtNjY4NDAvdXMtY2VudHJhbDEvZGVwbG95VGVzdC92Nm9IbFJCUGN2bw 200
[debug] [2023-02-14T21:34:24.074Z] <<< [apiv2][body] GET https://cloudfunctions.googleapis.com/v1/operations/Y29ycmVzb2NpYWwtNjY4NDAvdXMtY2VudHJhbDEvZGVwbG95VGVzdC92Nm9IbFJCUGN2bw {"name":"operations/Y29ycmVzb2NpYWwtNjY4NDAvdXMtY2VudHJhbDEvZGVwbG95VGVzdC92Nm9IbFJCUGN2bw","metadata":{"@type":"type.googleapis.com/google.cloud.functions.v1.OperationMetadataV1","target":"projects/corresocial-66840/locations/us-central1/functions/deployTest","type":"CREATE_FUNCTION","request":{"@type":"type.googleapis.com/google.cloud.functions.v1.CloudFunction","name":"projects/corresocial-66840/locations/us-central1/functions/deployTest","httpsTrigger":{"securityLevel":"SECURE_ALWAYS"},"entryPoint":"deployTest","labels":{"deployment-tool":"cli-firebase","firebase-functions-hash":"7b7fd7f8c41b1cbd19c3fbf364ee29b229c7840a"},"sourceUploadUrl":"https://storage.googleapis.com/uploads-1094207083427.us-central1.cloudfunctions.appspot.com/5c666e81-706f-4cbe-8f6d-0e8c25088691.zip?GoogleAccessId=service-109961815573@gcf-admin-robot.iam.gserviceaccount.com&Expires=1676412250&Signature=p1gA9%2Ft2Au4FJL1bbV21vfyywUUuF2fWoa7%2FDqPmV8W8HoFVOjmC2qqNLI9R8%2BwuFbkU%2B7D8mpiuFx%2FjyylnFc62zSP8hFtIx99pjTA4aYUxngaSjAF391%2Bxu42nIaAlg5SMT5naszEEMbOhyKS69gVPjVeNp62rDyiOcEVATqk6caJYq4XITLv7YUqEyh3ufaSi8fsCFLG5Ha0COXc9e0A%2BWV0ZDbKCj0lwjzuSCuwYlNcmeTQINdUaum03VoZl952iwd3QDKWFXQcClkucUBzAIQneQrHTT9jMPLVZUlQeyckI4z9Z8cZbQ9wdS3q1ax96dfs9eml%2FduvzRhkkQQ%3D%3D","environmentVariables":{"FIREBASE_CONFIG":"{\"projectId\":\"corresocial-66840\",\"databaseURL\":\"https://corresocial-66840-default-rtdb.firebaseio.com\",\"storageBucket\":\"corresocial-66840.appspot.com\",\"locationId\":\"southamerica-east1\"}","GCLOUD_PROJECT":"corresocial-66840","EVENTARC_CLOUD_EVENT_SOURCE":"projects/corresocial-66840/locations/us-central1/functions/deployTest"},"runtime":"nodejs16","dockerRegistry":"ARTIFACT_REGISTRY"},"versionId":"1","updateTime":"2023-02-14T21:34:12Z","buildId":"4bff0d03-fb4a-4184-9a78-f7a61298e700","buildName":"projects/109961815573/locations/us-central1/builds/4bff0d03-fb4a-4184-9a78-f7a61298e700"}}
[debug] [2023-02-14T21:34:32.085Z] [create-default-us-central1-deployTest] Retrying task index 0
[debug] [2023-02-14T21:34:32.087Z] >>> [apiv2][query] GET https://cloudfunctions.googleapis.com/v1/operations/Y29ycmVzb2NpYWwtNjY4NDAvdXMtY2VudHJhbDEvZGVwbG95VGVzdC92Nm9IbFJCUGN2bw [none]
[debug] [2023-02-14T21:34:32.936Z] <<< [apiv2][status] GET https://cloudfunctions.googleapis.com/v1/operations/Y29ycmVzb2NpYWwtNjY4NDAvdXMtY2VudHJhbDEvZGVwbG95VGVzdC92Nm9IbFJCUGN2bw 200
[debug] [2023-02-14T21:34:32.937Z] <<< [apiv2][body] GET https://cloudfunctions.googleapis.com/v1/operations/Y29ycmVzb2NpYWwtNjY4NDAvdXMtY2VudHJhbDEvZGVwbG95VGVzdC92Nm9IbFJCUGN2bw {"name":"operations/Y29ycmVzb2NpYWwtNjY4NDAvdXMtY2VudHJhbDEvZGVwbG95VGVzdC92Nm9IbFJCUGN2bw","metadata":{"@type":"type.googleapis.com/google.cloud.functions.v1.OperationMetadataV1","target":"projects/corresocial-66840/locations/us-central1/functions/deployTest","type":"CREATE_FUNCTION","request":{"@type":"type.googleapis.com/google.cloud.functions.v1.CloudFunction","name":"projects/corresocial-66840/locations/us-central1/functions/deployTest","httpsTrigger":{"securityLevel":"SECURE_ALWAYS"},"entryPoint":"deployTest","labels":{"deployment-tool":"cli-firebase","firebase-functions-hash":"7b7fd7f8c41b1cbd19c3fbf364ee29b229c7840a"},"sourceUploadUrl":"https://storage.googleapis.com/uploads-1094207083427.us-central1.cloudfunctions.appspot.com/5c666e81-706f-4cbe-8f6d-0e8c25088691.zip?GoogleAccessId=service-109961815573@gcf-admin-robot.iam.gserviceaccount.com&Expires=1676412250&Signature=p1gA9%2Ft2Au4FJL1bbV21vfyywUUuF2fWoa7%2FDqPmV8W8HoFVOjmC2qqNLI9R8%2BwuFbkU%2B7D8mpiuFx%2FjyylnFc62zSP8hFtIx99pjTA4aYUxngaSjAF391%2Bxu42nIaAlg5SMT5naszEEMbOhyKS69gVPjVeNp62rDyiOcEVATqk6caJYq4XITLv7YUqEyh3ufaSi8fsCFLG5Ha0COXc9e0A%2BWV0ZDbKCj0lwjzuSCuwYlNcmeTQINdUaum03VoZl952iwd3QDKWFXQcClkucUBzAIQneQrHTT9jMPLVZUlQeyckI4z9Z8cZbQ9wdS3q1ax96dfs9eml%2FduvzRhkkQQ%3D%3D","environmentVariables":{"FIREBASE_CONFIG":"{\"projectId\":\"corresocial-66840\",\"databaseURL\":\"https://corresocial-66840-default-rtdb.firebaseio.com\",\"storageBucket\":\"corresocial-66840.appspot.com\",\"locationId\":\"southamerica-east1\"}","GCLOUD_PROJECT":"corresocial-66840","EVENTARC_CLOUD_EVENT_SOURCE":"projects/corresocial-66840/locations/us-central1/functions/deployTest"},"runtime":"nodejs16","dockerRegistry":"ARTIFACT_REGISTRY"},"versionId":"1","updateTime":"2023-02-14T21:34:12Z","buildId":"4bff0d03-fb4a-4184-9a78-f7a61298e700","buildName":"projects/109961815573/locations/us-central1/builds/4bff0d03-fb4a-4184-9a78-f7a61298e700"}}
[debug] [2023-02-14T21:34:42.946Z] [create-default-us-central1-deployTest] Retrying task index 0
[debug] [2023-02-14T21:34:42.949Z] >>> [apiv2][query] GET https://cloudfunctions.googleapis.com/v1/operations/Y29ycmVzb2NpYWwtNjY4NDAvdXMtY2VudHJhbDEvZGVwbG95VGVzdC92Nm9IbFJCUGN2bw [none]
[debug] [2023-02-14T21:34:43.815Z] <<< [apiv2][status] GET https://cloudfunctions.googleapis.com/v1/operations/Y29ycmVzb2NpYWwtNjY4NDAvdXMtY2VudHJhbDEvZGVwbG95VGVzdC92Nm9IbFJCUGN2bw 200
[debug] [2023-02-14T21:34:43.818Z] <<< [apiv2][body] GET https://cloudfunctions.googleapis.com/v1/operations/Y29ycmVzb2NpYWwtNjY4NDAvdXMtY2VudHJhbDEvZGVwbG95VGVzdC92Nm9IbFJCUGN2bw {"name":"operations/Y29ycmVzb2NpYWwtNjY4NDAvdXMtY2VudHJhbDEvZGVwbG95VGVzdC92Nm9IbFJCUGN2bw","metadata":{"@type":"type.googleapis.com/google.cloud.functions.v1.OperationMetadataV1","target":"projects/corresocial-66840/locations/us-central1/functions/deployTest","type":"CREATE_FUNCTION","request":{"@type":"type.googleapis.com/google.cloud.functions.v1.CloudFunction","name":"projects/corresocial-66840/locations/us-central1/functions/deployTest","httpsTrigger":{"securityLevel":"SECURE_ALWAYS"},"entryPoint":"deployTest","labels":{"deployment-tool":"cli-firebase","firebase-functions-hash":"7b7fd7f8c41b1cbd19c3fbf364ee29b229c7840a"},"sourceUploadUrl":"https://storage.googleapis.com/uploads-1094207083427.us-central1.cloudfunctions.appspot.com/5c666e81-706f-4cbe-8f6d-0e8c25088691.zip?GoogleAccessId=service-109961815573@gcf-admin-robot.iam.gserviceaccount.com&Expires=1676412250&Signature=p1gA9%2Ft2Au4FJL1bbV21vfyywUUuF2fWoa7%2FDqPmV8W8HoFVOjmC2qqNLI9R8%2BwuFbkU%2B7D8mpiuFx%2FjyylnFc62zSP8hFtIx99pjTA4aYUxngaSjAF391%2Bxu42nIaAlg5SMT5naszEEMbOhyKS69gVPjVeNp62rDyiOcEVATqk6caJYq4XITLv7YUqEyh3ufaSi8fsCFLG5Ha0COXc9e0A%2BWV0ZDbKCj0lwjzuSCuwYlNcmeTQINdUaum03VoZl952iwd3QDKWFXQcClkucUBzAIQneQrHTT9jMPLVZUlQeyckI4z9Z8cZbQ9wdS3q1ax96dfs9eml%2FduvzRhkkQQ%3D%3D","environmentVariables":{"FIREBASE_CONFIG":"{\"projectId\":\"corresocial-66840\",\"databaseURL\":\"https://corresocial-66840-default-rtdb.firebaseio.com\",\"storageBucket\":\"corresocial-66840.appspot.com\",\"locationId\":\"southamerica-east1\"}","GCLOUD_PROJECT":"corresocial-66840","EVENTARC_CLOUD_EVENT_SOURCE":"projects/corresocial-66840/locations/us-central1/functions/deployTest"},"runtime":"nodejs16","dockerRegistry":"ARTIFACT_REGISTRY"},"versionId":"1","updateTime":"2023-02-14T21:34:12Z","buildId":"4bff0d03-fb4a-4184-9a78-f7a61298e700","buildName":"projects/109961815573/locations/us-central1/builds/4bff0d03-fb4a-4184-9a78-f7a61298e700"}}
[debug] [2023-02-14T21:34:53.823Z] [create-default-us-central1-deployTest] Retrying task index 0
[debug] [2023-02-14T21:34:53.823Z] >>> [apiv2][query] GET https://cloudfunctions.googleapis.com/v1/operations/Y29ycmVzb2NpYWwtNjY4NDAvdXMtY2VudHJhbDEvZGVwbG95VGVzdC92Nm9IbFJCUGN2bw [none]
[debug] [2023-02-14T21:34:54.657Z] <<< [apiv2][status] GET https://cloudfunctions.googleapis.com/v1/operations/Y29ycmVzb2NpYWwtNjY4NDAvdXMtY2VudHJhbDEvZGVwbG95VGVzdC92Nm9IbFJCUGN2bw 200
[debug] [2023-02-14T21:34:54.658Z] <<< [apiv2][body] GET https://cloudfunctions.googleapis.com/v1/operations/Y29ycmVzb2NpYWwtNjY4NDAvdXMtY2VudHJhbDEvZGVwbG95VGVzdC92Nm9IbFJCUGN2bw {"name":"operations/Y29ycmVzb2NpYWwtNjY4NDAvdXMtY2VudHJhbDEvZGVwbG95VGVzdC92Nm9IbFJCUGN2bw","metadata":{"@type":"type.googleapis.com/google.cloud.functions.v1.OperationMetadataV1","target":"projects/corresocial-66840/locations/us-central1/functions/deployTest","type":"CREATE_FUNCTION","request":{"@type":"type.googleapis.com/google.cloud.functions.v1.CloudFunction","name":"projects/corresocial-66840/locations/us-central1/functions/deployTest","httpsTrigger":{"securityLevel":"SECURE_ALWAYS"},"entryPoint":"deployTest","labels":{"deployment-tool":"cli-firebase","firebase-functions-hash":"7b7fd7f8c41b1cbd19c3fbf364ee29b229c7840a"},"sourceUploadUrl":"https://storage.googleapis.com/uploads-1094207083427.us-central1.cloudfunctions.appspot.com/5c666e81-706f-4cbe-8f6d-0e8c25088691.zip?GoogleAccessId=service-109961815573@gcf-admin-robot.iam.gserviceaccount.com&Expires=1676412250&Signature=p1gA9%2Ft2Au4FJL1bbV21vfyywUUuF2fWoa7%2FDqPmV8W8HoFVOjmC2qqNLI9R8%2BwuFbkU%2B7D8mpiuFx%2FjyylnFc62zSP8hFtIx99pjTA4aYUxngaSjAF391%2Bxu42nIaAlg5SMT5naszEEMbOhyKS69gVPjVeNp62rDyiOcEVATqk6caJYq4XITLv7YUqEyh3ufaSi8fsCFLG5Ha0COXc9e0A%2BWV0ZDbKCj0lwjzuSCuwYlNcmeTQINdUaum03VoZl952iwd3QDKWFXQcClkucUBzAIQneQrHTT9jMPLVZUlQeyckI4z9Z8cZbQ9wdS3q1ax96dfs9eml%2FduvzRhkkQQ%3D%3D","environmentVariables":{"FIREBASE_CONFIG":"{\"projectId\":\"corresocial-66840\",\"databaseURL\":\"https://corresocial-66840-default-rtdb.firebaseio.com\",\"storageBucket\":\"corresocial-66840.appspot.com\",\"locationId\":\"southamerica-east1\"}","GCLOUD_PROJECT":"corresocial-66840","EVENTARC_CLOUD_EVENT_SOURCE":"projects/corresocial-66840/locations/us-central1/functions/deployTest"},"runtime":"nodejs16","dockerRegistry":"ARTIFACT_REGISTRY"},"versionId":"1","updateTime":"2023-02-14T21:34:47Z","buildId":"4bff0d03-fb4a-4184-9a78-f7a61298e700","buildName":"projects/109961815573/locations/us-central1/builds/4bff0d03-fb4a-4184-9a78-f7a61298e700"},"done":true,"error":{"code":3,"message":"Build failed: ...file\nnpm ERR! Missing: is-arrayish@0.2.1 from lock file\nnpm ERR! Missing: ansi-styles@5.2.0 from lock file\nnpm ERR! Missing: react-is@18.2.0 from lock file\nnpm ERR! Missing: kleur@3.0.3 from lock file\nnpm ERR! Missing: sisteransi@1.0.5 from lock file\nnpm ERR! Missing: is-core-module@2.11.0 from lock file\nnpm ERR! Missing: path-parse@1.0.7 from lock file\nnpm ERR! Missing: supports-preserve-symlinks-flag@1.0.0 from lock file\nnpm ERR! Missing: shebang-regex@3.0.0 from lock file\nnpm ERR! Missing: buffer-from@1.1.2 from lock file\nnpm ERR! Missing: char-regex@1.0.2 from lock file\nnpm ERR! Missing: glob@7.2.3 from lock file\nnpm ERR! Missing: minimatch@3.1.2 from lock file\nnpm ERR! Missing: is-number@7.0.0 from lock file\nnpm ERR! Missing: picocolors@1.0.0 from lock file\nnpm ERR! Missing: convert-source-map@1.9.0 from lock file\nnpm ERR! Missing: makeerror@1.0.12 from lock file\nnpm ERR! Missing: tmpl@1.0.5 from lock file\nnpm ERR! Missing: isexe@2.0.0 from lock file\nnpm ERR! Missing: imurmurhash@0.1.4 from lock file\nnpm ERR! Missing: ms@2.1.2 from lock file\nnpm ERR! Missing: yallist@3.1.1 from lock file\nnpm ERR! Missing: ansi-styles@3.2.1 from lock file\nnpm ERR! Missing: escape-string-regexp@1.0.5 from lock file\nnpm ERR! Missing: supports-color@5.5.0 from lock file\nnpm ERR! Missing: color-convert@1.9.3 from lock file\nnpm ERR! Missing: color-name@1.1.3 from lock file\nnpm ERR! Missing: has-flag@3.0.0 from lock file\nnpm ERR! Missing: ms@2.1.2 from lock file\nnpm ERR! Missing: minimatch@3.1.2 from lock file\nnpm ERR! Missing: brace-expansion@1.1.11 from lock file\nnpm ERR! Missing: ms@2.1.2 from lock file\nnpm ERR! Missing: cliui@8.0.1 from lock file\nnpm ERR! Missing: yargs-parser@21.1.1 from lock file\nnpm ERR! Missing: minimatch@3.1.2 from lock file\nnpm ERR! Missing: brace-expansion@1.1.11 from lock file\nnpm ERR! Missing: minimatch@3.1.2 from lock file\nnpm ERR! Missing: brace-expansion@1.1.11 from lock file\nnpm ERR! Missing: sprintf-js@1.0.3 from lock file\nnpm ERR! Missing: p-try@2.2.0 from lock file\nnpm ERR! Missing: brace-expansion@1.1.11 from lock file\nnpm ERR! \nnpm ERR! Clean install a project\nnpm ERR! \nnpm ERR! Usage:\nnpm ERR! npm ci\nnpm ERR! \nnpm ERR! Options:\nnpm ERR! [-S|--save|--no-save|--save-prod|--save-dev|--save-optional|--save-peer|--save-bundle]\nnpm ERR! [-E|--save-exact] [-g|--global] [--global-style] [--legacy-bundling]\nnpm ERR! [--omit <dev|optional|peer> [--omit <dev|optional|peer> ...]]\nnpm ERR! [--strict-peer-deps] [--no-package-lock] [--foreground-scripts]\nnpm ERR! [--ignore-scripts] [--no-audit] [--no-bin-links] [--no-fund] [--dry-run]\nnpm ERR! [-w|--workspace <workspace-name> [-w|--workspace <workspace-name> ...]]\nnpm ERR! [-ws|--workspaces] [--include-workspace-root] [--install-links]\nnpm ERR! \nnpm ERR! aliases: clean-install, ic, install-clean, isntall-clean\nnpm ERR! \nnpm ERR! Run \"npm help ci\" for more info\n\nnpm ERR! A complete log of this run can be found in:\nnpm ERR!     /www-data-home/.npm/_logs/2023-02-14T21_34_37_964Z-debug-0.log; Error ID: beaf8772"}}
[debug] [2023-02-14T21:34:54.658Z] Got source token undefined for region us-central1
[error] Build failed: ...file
npm ERR! Missing: is-arrayish@0.2.1 from lock file
npm ERR! Missing: ansi-styles@5.2.0 from lock file
npm ERR! Missing: react-is@18.2.0 from lock file
npm ERR! Missing: kleur@3.0.3 from lock file
npm ERR! Missing: sisteransi@1.0.5 from lock file
npm ERR! Missing: is-core-module@2.11.0 from lock file
npm ERR! Missing: path-parse@1.0.7 from lock file
npm ERR! Missing: supports-preserve-symlinks-flag@1.0.0 from lock file
npm ERR! Missing: shebang-regex@3.0.0 from lock file
npm ERR! Missing: buffer-from@1.1.2 from lock file
npm ERR! Missing: char-regex@1.0.2 from lock file
npm ERR! Missing: glob@7.2.3 from lock file
npm ERR! Missing: minimatch@3.1.2 from lock file
npm ERR! Missing: is-number@7.0.0 from lock file
npm ERR! Missing: picocolors@1.0.0 from lock file
npm ERR! Missing: convert-source-map@1.9.0 from lock file
npm ERR! Missing: makeerror@1.0.12 from lock file
npm ERR! Missing: tmpl@1.0.5 from lock file
npm ERR! Missing: isexe@2.0.0 from lock file
npm ERR! Missing: imurmurhash@0.1.4 from lock file
npm ERR! Missing: ms@2.1.2 from lock file
npm ERR! Missing: yallist@3.1.1 from lock file
npm ERR! Missing: ansi-styles@3.2.1 from lock file
npm ERR! Missing: escape-string-regexp@1.0.5 from lock file
npm ERR! Missing: supports-color@5.5.0 from lock file
npm ERR! Missing: color-convert@1.9.3 from lock file
npm ERR! Missing: color-name@1.1.3 from lock file
npm ERR! Missing: has-flag@3.0.0 from lock file
npm ERR! Missing: ms@2.1.2 from lock file
npm ERR! Missing: minimatch@3.1.2 from lock file
npm ERR! Missing: brace-expansion@1.1.11 from lock file
npm ERR! Missing: ms@2.1.2 from lock file
npm ERR! Missing: cliui@8.0.1 from lock file
npm ERR! Missing: yargs-parser@21.1.1 from lock file
npm ERR! Missing: minimatch@3.1.2 from lock file
npm ERR! Missing: brace-expansion@1.1.11 from lock file
npm ERR! Missing: minimatch@3.1.2 from lock file
npm ERR! Missing: brace-expansion@1.1.11 from lock file
npm ERR! Missing: sprintf-js@1.0.3 from lock file
npm ERR! Missing: p-try@2.2.0 from lock file
npm ERR! Missing: brace-expansion@1.1.11 from lock file
npm ERR! 
npm ERR! Clean install a project
npm ERR! 
npm ERR! Usage:
npm ERR! npm ci
npm ERR! 
npm ERR! Options:
npm ERR! [-S|--save|--no-save|--save-prod|--save-dev|--save-optional|--save-peer|--save-bundle]
npm ERR! [-E|--save-exact] [-g|--global] [--global-style] [--legacy-bundling]
npm ERR! [--omit <dev|optional|peer> [--omit <dev|optional|peer> ...]]
npm ERR! [--strict-peer-deps] [--no-package-lock] [--foreground-scripts]
npm ERR! [--ignore-scripts] [--no-audit] [--no-bin-links] [--no-fund] [--dry-run]
npm ERR! [-w|--workspace <workspace-name> [-w|--workspace <workspace-name> ...]]
npm ERR! [-ws|--workspaces] [--include-workspace-root] [--install-links]
npm ERR! 
npm ERR! aliases: clean-install, ic, install-clean, isntall-clean
npm ERR! 
npm ERR! Run "npm help ci" for more info

npm ERR! A complete log of this run can be found in:
npm ERR!     /www-data-home/.npm/_logs/2023-02-14T21_34_37_964Z-debug-0.log; Error ID: beaf8772
[debug] [2023-02-14T21:34:54.682Z] Total Function Deployment time: 43767
[debug] [2023-02-14T21:34:54.682Z] 1 Functions Deployed
[debug] [2023-02-14T21:34:54.682Z] 1 Functions Errored
[debug] [2023-02-14T21:34:54.682Z] 0 Function Deployments Aborted
[debug] [2023-02-14T21:34:54.683Z] Average Function Deployment time: 43732
[info] 
[info] Functions deploy had errors with the following functions:
	deployTest(us-central1)
[debug] [2023-02-14T21:34:55.076Z] Not printing URL for HTTPS function. Typically this means it didn't match a filter or we failed deployment
[info] i  functions: cleaning up build files... 
[debug] [2023-02-14T21:34:55.082Z] >>> [apiv2][query] DELETE https://artifactregistry.googleapis.com/v1beta2/projects/corresocial-66840/locations/us-central1/repositories/gcf-artifacts/packages/deploy_test [none]
[debug] [2023-02-14T21:34:55.085Z] >>> [apiv2][query] GET https://us.gcr.io/v2/corresocial-66840/gcf/us-central1/tags/list [none]
[debug] [2023-02-14T21:34:56.619Z] <<< [apiv2][status] DELETE https://artifactregistry.googleapis.com/v1beta2/projects/corresocial-66840/locations/us-central1/repositories/gcf-artifacts/packages/deploy_test 404
[debug] [2023-02-14T21:34:56.621Z] <<< [apiv2][body] DELETE https://artifactregistry.googleapis.com/v1beta2/projects/corresocial-66840/locations/us-central1/repositories/gcf-artifacts/packages/deploy_test {"error":{"code":404,"message":"Package \"projects/corresocial-66840/locations/us-central1/repositories/gcf-artifacts/packages/deploy_test\" was not found.","status":"NOT_FOUND"}}
[debug] [2023-02-14T21:34:56.747Z] <<< [apiv2][status] GET https://us.gcr.io/v2/corresocial-66840/gcf/us-central1/tags/list 200
[debug] [2023-02-14T21:34:56.748Z] <<< [apiv2][body] GET https://us.gcr.io/v2/corresocial-66840/gcf/us-central1/tags/list {"child":[],"manifest":{},"name":"corresocial-66840/gcf/us-central1","tags":[]}
[debug] [2023-02-14T21:34:56.748Z] Could not find image for function projects/corresocial-66840/locations/us-central1/functions/deployTest
[debug] [2023-02-14T21:34:56.748Z] Functions deploy failed.
[debug] [2023-02-14T21:34:56.749Z] {
  "endpoint": {
    "id": "deployTest",
    "project": "corresocial-66840",
    "region": "us-central1",
    "entryPoint": "deployTest",
    "platform": "gcfv1",
    "runtime": "nodejs16",
    "httpsTrigger": {},
    "serviceAccount": null,
    "ingressSettings": null,
    "availableMemoryMb": null,
    "timeoutSeconds": null,
    "maxInstances": null,
    "minInstances": null,
    "vpc": null,
    "environmentVariables": {
      "FIREBASE_CONFIG": "{\"projectId\":\"corresocial-66840\",\"databaseURL\":\"https://corresocial-66840-default-rtdb.firebaseio.com\",\"storageBucket\":\"corresocial-66840.appspot.com\",\"locationId\":\"southamerica-east1\"}",
      "GCLOUD_PROJECT": "corresocial-66840",
      "EVENTARC_CLOUD_EVENT_SOURCE": "projects/corresocial-66840/locations/us-central1/functions/deployTest"
    },
    "codebase": "default",
    "targetedByOnly": true,
    "hash": "7b7fd7f8c41b1cbd19c3fbf364ee29b229c7840a",
    "labels": {
      "deployment-tool": "cli-firebase"
    }
  },
  "op": "create",
  "original": {
    "name": "FirebaseError",
    "children": [],
    "exit": 1,
    "message": "Build failed: ...file\nnpm ERR! Missing: is-arrayish@0.2.1 from lock file\nnpm ERR! Missing: ansi-styles@5.2.0 from lock file\nnpm ERR! Missing: react-is@18.2.0 from lock file\nnpm ERR! Missing: kleur@3.0.3 from lock file\nnpm ERR! Missing: sisteransi@1.0.5 from lock file\nnpm ERR! Missing: is-core-module@2.11.0 from lock file\nnpm ERR! Missing: path-parse@1.0.7 from lock file\nnpm ERR! Missing: supports-preserve-symlinks-flag@1.0.0 from lock file\nnpm ERR! Missing: shebang-regex@3.0.0 from lock file\nnpm ERR! Missing: buffer-from@1.1.2 from lock file\nnpm ERR! Missing: char-regex@1.0.2 from lock file\nnpm ERR! Missing: glob@7.2.3 from lock file\nnpm ERR! Missing: minimatch@3.1.2 from lock file\nnpm ERR! Missing: is-number@7.0.0 from lock file\nnpm ERR! Missing: picocolors@1.0.0 from lock file\nnpm ERR! Missing: convert-source-map@1.9.0 from lock file\nnpm ERR! Missing: makeerror@1.0.12 from lock file\nnpm ERR! Missing: tmpl@1.0.5 from lock file\nnpm ERR! Missing: isexe@2.0.0 from lock file\nnpm ERR! Missing: imurmurhash@0.1.4 from lock file\nnpm ERR! Missing: ms@2.1.2 from lock file\nnpm ERR! Missing: yallist@3.1.1 from lock file\nnpm ERR! Missing: ansi-styles@3.2.1 from lock file\nnpm ERR! Missing: escape-string-regexp@1.0.5 from lock file\nnpm ERR! Missing: supports-color@5.5.0 from lock file\nnpm ERR! Missing: color-convert@1.9.3 from lock file\nnpm ERR! Missing: color-name@1.1.3 from lock file\nnpm ERR! Missing: has-flag@3.0.0 from lock file\nnpm ERR! Missing: ms@2.1.2 from lock file\nnpm ERR! Missing: minimatch@3.1.2 from lock file\nnpm ERR! Missing: brace-expansion@1.1.11 from lock file\nnpm ERR! Missing: ms@2.1.2 from lock file\nnpm ERR! Missing: cliui@8.0.1 from lock file\nnpm ERR! Missing: yargs-parser@21.1.1 from lock file\nnpm ERR! Missing: minimatch@3.1.2 from lock file\nnpm ERR! Missing: brace-expansion@1.1.11 from lock file\nnpm ERR! Missing: minimatch@3.1.2 from lock file\nnpm ERR! Missing: brace-expansion@1.1.11 from lock file\nnpm ERR! Missing: sprintf-js@1.0.3 from lock file\nnpm ERR! Missing: p-try@2.2.0 from lock file\nnpm ERR! Missing: brace-expansion@1.1.11 from lock file\nnpm ERR! \nnpm ERR! Clean install a project\nnpm ERR! \nnpm ERR! Usage:\nnpm ERR! npm ci\nnpm ERR! \nnpm ERR! Options:\nnpm ERR! [-S|--save|--no-save|--save-prod|--save-dev|--save-optional|--save-peer|--save-bundle]\nnpm ERR! [-E|--save-exact] [-g|--global] [--global-style] [--legacy-bundling]\nnpm ERR! [--omit <dev|optional|peer> [--omit <dev|optional|peer> ...]]\nnpm ERR! [--strict-peer-deps] [--no-package-lock] [--foreground-scripts]\nnpm ERR! [--ignore-scripts] [--no-audit] [--no-bin-links] [--no-fund] [--dry-run]\nnpm ERR! [-w|--workspace <workspace-name> [-w|--workspace <workspace-name> ...]]\nnpm ERR! [-ws|--workspaces] [--include-workspace-root] [--install-links]\nnpm ERR! \nnpm ERR! aliases: clean-install, ic, install-clean, isntall-clean\nnpm ERR! \nnpm ERR! Run \"npm help ci\" for more info\n\nnpm ERR! A complete log of this run can be found in:\nnpm ERR!     /www-data-home/.npm/_logs/2023-02-14T21_34_37_964Z-debug-0.log; Error ID: beaf8772",
    "status": 3
  }
}
[debug] [2023-02-14T21:34:57.113Z] Error: Failed to create function deployTest in region us-central1
    at C:\Users\Wellington\AppData\Roaming\npm\node_modules\firebase-tools\lib\deploy\functions\release\fabricator.js:48:11
    at processTicksAndRejections (node:internal/process/task_queues:96:5)
    at async Fabricator.createV1Function (C:\Users\Wellington\AppData\Roaming\npm\node_modules\firebase-tools\lib\deploy\functions\release\fabricator.js:177:32)
    at async Fabricator.createEndpoint (C:\Users\Wellington\AppData\Roaming\npm\node_modules\firebase-tools\lib\deploy\functions\release\fabricator.js:129:13)
    at async handle (C:\Users\Wellington\AppData\Roaming\npm\node_modules\firebase-tools\lib\deploy\functions\release\fabricator.js:85:17)
[error] 
[error] Error: There was an error deploying functions
